# JRE version: OpenJDK Runtime Environment (11.0.10) (build 11.0.10+0-b96-7249189)
# Java VM: OpenJDK 64-Bit Server VM (11.0.10+0-b96-7249189, mixed mode, tiered, compressed oops, g1 gc, windows-amd64)
Heap:
 garbage-first heap   total 189440K, used 127152K [0x0000000080000000, 0x0000000100000000)
  region size 1024K, 17 young (17408K), 2 survivors (2048K)
 Metaspace       used 102751K, capacity 105262K, committed 105472K, reserved 1140736K
  class space    used 13123K, capacity 14064K, committed 14080K, reserved 1048576K
GC Heap History (20 events):
Event: 97.103 GC heap before
{Heap before GC invocations=71 (full 0):
 garbage-first heap   total 131072K, used 115439K [0x0000000080000000, 0x0000000100000000)
  region size 1024K, 8 young (8192K), 1 survivors (1024K)
 Metaspace       used 96570K, capacity 99071K, committed 99328K, reserved 1134592K
  class space    used 12379K, capacity 13309K, committed 13312K, reserved 1048576K
}
Event: 97.108 GC heap after
{Heap after GC invocations=72 (full 0):
 garbage-first heap   total 131072K, used 108488K [0x0000000080000000, 0x0000000100000000)
  region size 1024K, 1 young (1024K), 1 survivors (1024K)
 Metaspace       used 96570K, capacity 99071K, committed 99328K, reserved 1134592K
  class space    used 12379K, capacity 13309K, committed 13312K, reserved 1048576K
}
Event: 97.242 GC heap before
{Heap before GC invocations=73 (full 0):
 garbage-first heap   total 131072K, used 114632K [0x0000000080000000, 0x0000000100000000)
  region size 1024K, 7 young (7168K), 1 survivors (1024K)
 Metaspace       used 96949K, capacity 99423K, committed 99712K, reserved 1136640K
  class space    used 12437K, capacity 13341K, committed 13440K, reserved 1048576K
}
Event: 97.246 GC heap after
{Heap after GC invocations=74 (full 0):
 garbage-first heap   total 131072K, used 108569K [0x0000000080000000, 0x0000000100000000)
  region size 1024K, 1 young (1024K), 1 survivors (1024K)
 Metaspace       used 96949K, capacity 99423K, committed 99712K, reserved 1136640K
  class space    used 12437K, capacity 13341K, committed 13440K, reserved 1048576K
}
Event: 97.470 GC heap before
{Heap before GC invocations=74 (full 0):
 garbage-first heap   total 131072K, used 113689K [0x0000000080000000, 0x0000000100000000)
  region size 1024K, 7 young (7168K), 1 survivors (1024K)
 Metaspace       used 97336K, capacity 99807K, committed 99968K, reserved 1136640K
  class space    used 12496K, capacity 13405K, committed 13440K, reserved 1048576K
}
Event: 97.473 GC heap after
{Heap after GC invocations=75 (full 0):
 garbage-first heap   total 131072K, used 108623K [0x0000000080000000, 0x0000000100000000)
  region size 1024K, 1 young (1024K), 1 survivors (1024K)
 Metaspace       used 97336K, capacity 99807K, committed 99968K, reserved 1136640K
  class space    used 12496K, capacity 13405K, committed 13440K, reserved 1048576K
}
Event: 97.881 GC heap before
{Heap before GC invocations=75 (full 0):
 garbage-first heap   total 131072K, used 114767K [0x0000000080000000, 0x0000000100000000)
  region size 1024K, 7 young (7168K), 1 survivors (1024K)
 Metaspace       used 97812K, capacity 100319K, committed 100608K, reserved 1136640K
  class space    used 12560K, capacity 13469K, committed 13568K, reserved 1048576K
}
Event: 97.884 GC heap after
{Heap after GC invocations=76 (full 0):
 garbage-first heap   total 131072K, used 108668K [0x0000000080000000, 0x0000000100000000)
  region size 1024K, 1 young (1024K), 1 survivors (1024K)
 Metaspace       used 97812K, capacity 100319K, committed 100608K, reserved 1136640K
  class space    used 12560K, capacity 13469K, committed 13568K, reserved 1048576K
}
Event: 98.144 GC heap before
{Heap before GC invocations=77 (full 0):
 garbage-first heap   total 131072K, used 113788K [0x0000000080000000, 0x0000000100000000)
  region size 1024K, 7 young (7168K), 1 survivors (1024K)
 Metaspace       used 98308K, capacity 100767K, committed 100864K, reserved 1136640K
  class space    used 12626K, capacity 13533K, committed 13568K, reserved 1048576K
}
Event: 98.146 GC heap after
{Heap after GC invocations=78 (full 0):
 garbage-first heap   total 131072K, used 108765K [0x0000000080000000, 0x0000000100000000)
  region size 1024K, 1 young (1024K), 1 survivors (1024K)
 Metaspace       used 98308K, capacity 100767K, committed 100864K, reserved 1136640K
  class space    used 12626K, capacity 13533K, committed 13568K, reserved 1048576K
}
Event: 98.337 GC heap before
{Heap before GC invocations=78 (full 0):
 garbage-first heap   total 131072K, used 114909K [0x0000000080000000, 0x0000000100000000)
  region size 1024K, 7 young (7168K), 1 survivors (1024K)
 Metaspace       used 98801K, capacity 101279K, committed 101504K, reserved 1136640K
  class space    used 12680K, capacity 13597K, committed 13696K, reserved 1048576K
}
Event: 98.342 GC heap after
{Heap after GC invocations=79 (full 0):
 garbage-first heap   total 157696K, used 108969K [0x0000000080000000, 0x0000000100000000)
  region size 1024K, 1 young (1024K), 1 survivors (1024K)
 Metaspace       used 98801K, capacity 101279K, committed 101504K, reserved 1136640K
  class space    used 12680K, capacity 13597K, committed 13696K, reserved 1048576K
}
Event: 99.048 GC heap before
{Heap before GC invocations=80 (full 0):
 garbage-first heap   total 157696K, used 126377K [0x0000000080000000, 0x0000000100000000)
  region size 1024K, 18 young (18432K), 1 survivors (1024K)
 Metaspace       used 100027K, capacity 102527K, committed 102656K, reserved 1138688K
  class space    used 12833K, capacity 13757K, committed 13824K, reserved 1048576K
}
Event: 99.053 GC heap after
{Heap after GC invocations=81 (full 0):
 garbage-first heap   total 157696K, used 109639K [0x0000000080000000, 0x0000000100000000)
  region size 1024K, 2 young (2048K), 2 survivors (2048K)
 Metaspace       used 100027K, capacity 102527K, committed 102656K, reserved 1138688K
  class space    used 12833K, capacity 13757K, committed 13824K, reserved 1048576K
}
Event: 99.856 GC heap before
{Heap before GC invocations=81 (full 0):
 garbage-first heap   total 157696K, used 126023K [0x0000000080000000, 0x0000000100000000)
  region size 1024K, 19 young (19456K), 2 survivors (2048K)
 Metaspace       used 101257K, capacity 103735K, committed 104064K, reserved 1138688K
  class space    used 12955K, capacity 13860K, committed 13952K, reserved 1048576K
}
Event: 99.863 GC heap after
{Heap after GC invocations=82 (full 0):
 garbage-first heap   total 157696K, used 111470K [0x0000000080000000, 0x0000000100000000)
  region size 1024K, 3 young (3072K), 3 survivors (3072K)
 Metaspace       used 101257K, capacity 103735K, committed 104064K, reserved 1138688K
  class space    used 12955K, capacity 13860K, committed 13952K, reserved 1048576K
}
Event: 100.393 GC heap before
{Heap before GC invocations=83 (full 0):
 garbage-first heap   total 157696K, used 116590K [0x0000000080000000, 0x0000000100000000)
  region size 1024K, 9 young (9216K), 3 survivors (3072K)
 Metaspace       used 101600K, capacity 104130K, committed 104320K, reserved 1140736K
  class space    used 12995K, capacity 13927K, committed 13952K, reserved 1048576K
}
Event: 100.401 GC heap after
{Heap after GC invocations=84 (full 0):
 garbage-first heap   total 157696K, used 112272K [0x0000000080000000, 0x0000000100000000)
  region size 1024K, 1 young (1024K), 1 survivors (1024K)
 Metaspace       used 101600K, capacity 104130K, committed 104320K, reserved 1140736K
  class space    used 12995K, capacity 13927K, committed 13952K, reserved 1048576K
}
Event: 101.261 GC heap before
{Heap before GC invocations=85 (full 0):
 garbage-first heap   total 157696K, used 129680K [0x0000000080000000, 0x0000000100000000)
  region size 1024K, 15 young (15360K), 1 survivors (1024K)
 Metaspace       used 102279K, capacity 104863K, committed 104960K, reserved 1140736K
  class space    used 13068K, capacity 13996K, committed 14080K, reserved 1048576K
}
Event: 101.267 GC heap after
{Heap after GC invocations=86 (full 0):
 garbage-first heap   total 189440K, used 112816K [0x0000000080000000, 0x0000000100000000)
  region size 1024K, 2 young (2048K), 2 survivors (2048K)
 Metaspace       used 102279K, capacity 104863K, committed 104960K, reserved 1140736K
  class space    used 13068K, capacity 13996K, committed 14080K, reserved 1048576K
}

